<?xml version="1.0" encoding="UTF-8"?>
<testsuite xmlns:xsi="http://www.w3.org/2001/XMLSchema-instance" xsi:noNamespaceSchemaLocation="https://maven.apache.org/surefire/maven-surefire-plugin/xsd/surefire-test-report-3.0.xsd" version="3.0" name="TestSuite" time="20.049" tests="4" errors="0" skipped="0" failures="0">
  <properties>
    <property name="java.specification.version" value="17"/>
    <property name="sun.jnu.encoding" value="UTF-8"/>
    <property name="java.class.path" value="/home/kali/API Testing/restAssured/PetStoreAutomation/target/test-classes:/home/kali/API Testing/restAssured/PetStoreAutomation/target/classes:/home/kali/.m2/repository/io/rest-assured/rest-assured/5.4.0/rest-assured-5.4.0.jar:/home/kali/.m2/repository/org/apache/groovy/groovy/4.0.16/groovy-4.0.16.jar:/home/kali/.m2/repository/org/apache/groovy/groovy-xml/4.0.16/groovy-xml-4.0.16.jar:/home/kali/.m2/repository/org/apache/httpcomponents/httpclient/4.5.13/httpclient-4.5.13.jar:/home/kali/.m2/repository/org/apache/httpcomponents/httpcore/4.4.13/httpcore-4.4.13.jar:/home/kali/.m2/repository/commons-logging/commons-logging/1.2/commons-logging-1.2.jar:/home/kali/.m2/repository/org/apache/httpcomponents/httpmime/4.5.13/httpmime-4.5.13.jar:/home/kali/.m2/repository/org/hamcrest/hamcrest/2.2/hamcrest-2.2.jar:/home/kali/.m2/repository/org/ccil/cowan/tagsoup/tagsoup/1.2.1/tagsoup-1.2.1.jar:/home/kali/.m2/repository/io/rest-assured/json-path/5.4.0/json-path-5.4.0.jar:/home/kali/.m2/repository/org/apache/groovy/groovy-json/4.0.16/groovy-json-4.0.16.jar:/home/kali/.m2/repository/io/rest-assured/rest-assured-common/5.4.0/rest-assured-common-5.4.0.jar:/home/kali/.m2/repository/io/rest-assured/xml-path/5.4.0/xml-path-5.4.0.jar:/home/kali/.m2/repository/com/jayway/jsonpath/json-path/2.9.0/json-path-2.9.0.jar:/home/kali/.m2/repository/net/minidev/json-smart/2.5.0/json-smart-2.5.0.jar:/home/kali/.m2/repository/net/minidev/accessors-smart/2.5.0/accessors-smart-2.5.0.jar:/home/kali/.m2/repository/org/ow2/asm/asm/9.3/asm-9.3.jar:/home/kali/.m2/repository/org/slf4j/slf4j-api/2.0.11/slf4j-api-2.0.11.jar:/home/kali/.m2/repository/org/json/json/20240303/json-20240303.jar:/home/kali/.m2/repository/com/google/code/gson/gson/2.10.1/gson-2.10.1.jar:/home/kali/.m2/repository/org/testng/testng/7.9.0/testng-7.9.0.jar:/home/kali/.m2/repository/com/beust/jcommander/1.82/jcommander-1.82.jar:/home/kali/.m2/repository/org/webjars/jquery/3.7.1/jquery-3.7.1.jar:/home/kali/.m2/repository/com/github/scribejava/scribejava-apis/8.3.3/scribejava-apis-8.3.3.jar:/home/kali/.m2/repository/com/github/scribejava/scribejava-core/8.3.3/scribejava-core-8.3.3.jar:/home/kali/.m2/repository/com/github/scribejava/scribejava-java8/8.3.3/scribejava-java8-8.3.3.jar:/home/kali/.m2/repository/com/fasterxml/jackson/core/jackson-databind/2.14.0/jackson-databind-2.14.0.jar:/home/kali/.m2/repository/com/fasterxml/jackson/core/jackson-annotations/2.14.0/jackson-annotations-2.14.0.jar:/home/kali/.m2/repository/com/fasterxml/jackson/core/jackson-core/2.14.0/jackson-core-2.14.0.jar:/home/kali/.m2/repository/io/rest-assured/json-schema-validator/3.3.0/json-schema-validator-3.3.0.jar:/home/kali/.m2/repository/com/github/java-json-tools/json-schema-validator/2.2.10/json-schema-validator-2.2.10.jar:/home/kali/.m2/repository/com/github/java-json-tools/json-schema-core/1.2.10/json-schema-core-1.2.10.jar:/home/kali/.m2/repository/com/github/java-json-tools/jackson-coreutils/1.9/jackson-coreutils-1.9.jar:/home/kali/.m2/repository/com/google/guava/guava/16.0.1/guava-16.0.1.jar:/home/kali/.m2/repository/com/github/fge/msg-simple/1.1/msg-simple-1.1.jar:/home/kali/.m2/repository/com/github/fge/btf/1.2/btf-1.2.jar:/home/kali/.m2/repository/com/github/fge/uri-template/0.9/uri-template-0.9.jar:/home/kali/.m2/repository/org/mozilla/rhino/1.7.7.1/rhino-1.7.7.1.jar:/home/kali/.m2/repository/javax/mail/mailapi/1.4.3/mailapi-1.4.3.jar:/home/kali/.m2/repository/javax/activation/activation/1.1/activation-1.1.jar:/home/kali/.m2/repository/joda-time/joda-time/2.9.7/joda-time-2.9.7.jar:/home/kali/.m2/repository/com/googlecode/libphonenumber/libphonenumber/8.0.0/libphonenumber-8.0.0.jar:/home/kali/.m2/repository/com/google/code/findbugs/jsr305/3.0.1/jsr305-3.0.1.jar:/home/kali/.m2/repository/net/sf/jopt-simple/jopt-simple/5.0.3/jopt-simple-5.0.3.jar:/home/kali/.m2/repository/org/hamcrest/hamcrest-core/1.3/hamcrest-core-1.3.jar:/home/kali/.m2/repository/org/apache/ws/xmlschema/xmlschema-core/2.3.1/xmlschema-core-2.3.1.jar:/home/kali/.m2/repository/org/json/org.json/chargebee-1.0/org.json-chargebee-1.0.jar:/home/kali/.m2/repository/com/github/javafaker/javafaker/1.0.2/javafaker-1.0.2.jar:/home/kali/.m2/repository/org/apache/commons/commons-lang3/3.5/commons-lang3-3.5.jar:/home/kali/.m2/repository/org/yaml/snakeyaml/1.23/snakeyaml-1.23-android.jar:/home/kali/.m2/repository/com/github/mifmif/generex/1.0.2/generex-1.0.2.jar:/home/kali/.m2/repository/dk/brics/automaton/automaton/1.11-8/automaton-1.11-8.jar:/home/kali/.m2/repository/org/apache/poi/poi/5.2.5/poi-5.2.5.jar:/home/kali/.m2/repository/commons-codec/commons-codec/1.16.0/commons-codec-1.16.0.jar:/home/kali/.m2/repository/org/apache/commons/commons-collections4/4.4/commons-collections4-4.4.jar:/home/kali/.m2/repository/org/apache/commons/commons-math3/3.6.1/commons-math3-3.6.1.jar:/home/kali/.m2/repository/commons-io/commons-io/2.15.0/commons-io-2.15.0.jar:/home/kali/.m2/repository/com/zaxxer/SparseBitSet/1.3/SparseBitSet-1.3.jar:/home/kali/.m2/repository/org/apache/poi/poi-ooxml/5.2.5/poi-ooxml-5.2.5.jar:/home/kali/.m2/repository/org/apache/poi/poi-ooxml-lite/5.2.5/poi-ooxml-lite-5.2.5.jar:/home/kali/.m2/repository/org/apache/xmlbeans/xmlbeans/5.2.0/xmlbeans-5.2.0.jar:/home/kali/.m2/repository/org/apache/commons/commons-compress/1.25.0/commons-compress-1.25.0.jar:/home/kali/.m2/repository/com/github/virtuald/curvesapi/1.08/curvesapi-1.08.jar:/home/kali/.m2/repository/com/aventstack/extentreports/5.1.1/extentreports-5.1.1.jar:/home/kali/.m2/repository/io/reactivex/rxjava3/rxjava/3.1.6/rxjava-3.1.6.jar:/home/kali/.m2/repository/org/reactivestreams/reactive-streams/1.0.4/reactive-streams-1.0.4.jar:/home/kali/.m2/repository/org/freemarker/freemarker/2.3.32/freemarker-2.3.32.jar:/home/kali/.m2/repository/org/projectlombok/lombok/1.18.26/lombok-1.18.26.jar:/home/kali/.m2/repository/org/apache/logging/log4j/log4j-api/2.23.1/log4j-api-2.23.1.jar:/home/kali/.m2/repository/org/apache/logging/log4j/log4j-core/2.23.1/log4j-core-2.23.1.jar:"/>
    <property name="java.vm.vendor" value="Debian"/>
    <property name="sun.arch.data.model" value="64"/>
    <property name="swing.aatext" value="true"/>
    <property name="java.vendor.url" value="https://tracker.debian.org/openjdk-17"/>
    <property name="user.timezone" value="Asia/Kolkata"/>
    <property name="os.name" value="Linux"/>
    <property name="java.vm.specification.version" value="17"/>
    <property name="sun.java.launcher" value="SUN_STANDARD"/>
    <property name="user.country" value="IN"/>
    <property name="sun.boot.library.path" value="/usr/lib/jvm/java-17-openjdk-amd64/lib"/>
    <property name="sun.java.command" value="/home/kali/API Testing/restAssured/PetStoreAutomation/target/surefire/surefirebooter-20240420192814817_3.jar /home/kali/API Testing/restAssured/PetStoreAutomation/target/surefire 2024-04-20T19-28-14_478-jvmRun1 surefire-20240420192814817_1tmp surefire_0-20240420192814817_2tmp"/>
    <property name="jdk.debug" value="release"/>
    <property name="surefire.test.class.path" value="/home/kali/API Testing/restAssured/PetStoreAutomation/target/test-classes:/home/kali/API Testing/restAssured/PetStoreAutomation/target/classes:/home/kali/.m2/repository/io/rest-assured/rest-assured/5.4.0/rest-assured-5.4.0.jar:/home/kali/.m2/repository/org/apache/groovy/groovy/4.0.16/groovy-4.0.16.jar:/home/kali/.m2/repository/org/apache/groovy/groovy-xml/4.0.16/groovy-xml-4.0.16.jar:/home/kali/.m2/repository/org/apache/httpcomponents/httpclient/4.5.13/httpclient-4.5.13.jar:/home/kali/.m2/repository/org/apache/httpcomponents/httpcore/4.4.13/httpcore-4.4.13.jar:/home/kali/.m2/repository/commons-logging/commons-logging/1.2/commons-logging-1.2.jar:/home/kali/.m2/repository/org/apache/httpcomponents/httpmime/4.5.13/httpmime-4.5.13.jar:/home/kali/.m2/repository/org/hamcrest/hamcrest/2.2/hamcrest-2.2.jar:/home/kali/.m2/repository/org/ccil/cowan/tagsoup/tagsoup/1.2.1/tagsoup-1.2.1.jar:/home/kali/.m2/repository/io/rest-assured/json-path/5.4.0/json-path-5.4.0.jar:/home/kali/.m2/repository/org/apache/groovy/groovy-json/4.0.16/groovy-json-4.0.16.jar:/home/kali/.m2/repository/io/rest-assured/rest-assured-common/5.4.0/rest-assured-common-5.4.0.jar:/home/kali/.m2/repository/io/rest-assured/xml-path/5.4.0/xml-path-5.4.0.jar:/home/kali/.m2/repository/com/jayway/jsonpath/json-path/2.9.0/json-path-2.9.0.jar:/home/kali/.m2/repository/net/minidev/json-smart/2.5.0/json-smart-2.5.0.jar:/home/kali/.m2/repository/net/minidev/accessors-smart/2.5.0/accessors-smart-2.5.0.jar:/home/kali/.m2/repository/org/ow2/asm/asm/9.3/asm-9.3.jar:/home/kali/.m2/repository/org/slf4j/slf4j-api/2.0.11/slf4j-api-2.0.11.jar:/home/kali/.m2/repository/org/json/json/20240303/json-20240303.jar:/home/kali/.m2/repository/com/google/code/gson/gson/2.10.1/gson-2.10.1.jar:/home/kali/.m2/repository/org/testng/testng/7.9.0/testng-7.9.0.jar:/home/kali/.m2/repository/com/beust/jcommander/1.82/jcommander-1.82.jar:/home/kali/.m2/repository/org/webjars/jquery/3.7.1/jquery-3.7.1.jar:/home/kali/.m2/repository/com/github/scribejava/scribejava-apis/8.3.3/scribejava-apis-8.3.3.jar:/home/kali/.m2/repository/com/github/scribejava/scribejava-core/8.3.3/scribejava-core-8.3.3.jar:/home/kali/.m2/repository/com/github/scribejava/scribejava-java8/8.3.3/scribejava-java8-8.3.3.jar:/home/kali/.m2/repository/com/fasterxml/jackson/core/jackson-databind/2.14.0/jackson-databind-2.14.0.jar:/home/kali/.m2/repository/com/fasterxml/jackson/core/jackson-annotations/2.14.0/jackson-annotations-2.14.0.jar:/home/kali/.m2/repository/com/fasterxml/jackson/core/jackson-core/2.14.0/jackson-core-2.14.0.jar:/home/kali/.m2/repository/io/rest-assured/json-schema-validator/3.3.0/json-schema-validator-3.3.0.jar:/home/kali/.m2/repository/com/github/java-json-tools/json-schema-validator/2.2.10/json-schema-validator-2.2.10.jar:/home/kali/.m2/repository/com/github/java-json-tools/json-schema-core/1.2.10/json-schema-core-1.2.10.jar:/home/kali/.m2/repository/com/github/java-json-tools/jackson-coreutils/1.9/jackson-coreutils-1.9.jar:/home/kali/.m2/repository/com/google/guava/guava/16.0.1/guava-16.0.1.jar:/home/kali/.m2/repository/com/github/fge/msg-simple/1.1/msg-simple-1.1.jar:/home/kali/.m2/repository/com/github/fge/btf/1.2/btf-1.2.jar:/home/kali/.m2/repository/com/github/fge/uri-template/0.9/uri-template-0.9.jar:/home/kali/.m2/repository/org/mozilla/rhino/1.7.7.1/rhino-1.7.7.1.jar:/home/kali/.m2/repository/javax/mail/mailapi/1.4.3/mailapi-1.4.3.jar:/home/kali/.m2/repository/javax/activation/activation/1.1/activation-1.1.jar:/home/kali/.m2/repository/joda-time/joda-time/2.9.7/joda-time-2.9.7.jar:/home/kali/.m2/repository/com/googlecode/libphonenumber/libphonenumber/8.0.0/libphonenumber-8.0.0.jar:/home/kali/.m2/repository/com/google/code/findbugs/jsr305/3.0.1/jsr305-3.0.1.jar:/home/kali/.m2/repository/net/sf/jopt-simple/jopt-simple/5.0.3/jopt-simple-5.0.3.jar:/home/kali/.m2/repository/org/hamcrest/hamcrest-core/1.3/hamcrest-core-1.3.jar:/home/kali/.m2/repository/org/apache/ws/xmlschema/xmlschema-core/2.3.1/xmlschema-core-2.3.1.jar:/home/kali/.m2/repository/org/json/org.json/chargebee-1.0/org.json-chargebee-1.0.jar:/home/kali/.m2/repository/com/github/javafaker/javafaker/1.0.2/javafaker-1.0.2.jar:/home/kali/.m2/repository/org/apache/commons/commons-lang3/3.5/commons-lang3-3.5.jar:/home/kali/.m2/repository/org/yaml/snakeyaml/1.23/snakeyaml-1.23-android.jar:/home/kali/.m2/repository/com/github/mifmif/generex/1.0.2/generex-1.0.2.jar:/home/kali/.m2/repository/dk/brics/automaton/automaton/1.11-8/automaton-1.11-8.jar:/home/kali/.m2/repository/org/apache/poi/poi/5.2.5/poi-5.2.5.jar:/home/kali/.m2/repository/commons-codec/commons-codec/1.16.0/commons-codec-1.16.0.jar:/home/kali/.m2/repository/org/apache/commons/commons-collections4/4.4/commons-collections4-4.4.jar:/home/kali/.m2/repository/org/apache/commons/commons-math3/3.6.1/commons-math3-3.6.1.jar:/home/kali/.m2/repository/commons-io/commons-io/2.15.0/commons-io-2.15.0.jar:/home/kali/.m2/repository/com/zaxxer/SparseBitSet/1.3/SparseBitSet-1.3.jar:/home/kali/.m2/repository/org/apache/poi/poi-ooxml/5.2.5/poi-ooxml-5.2.5.jar:/home/kali/.m2/repository/org/apache/poi/poi-ooxml-lite/5.2.5/poi-ooxml-lite-5.2.5.jar:/home/kali/.m2/repository/org/apache/xmlbeans/xmlbeans/5.2.0/xmlbeans-5.2.0.jar:/home/kali/.m2/repository/org/apache/commons/commons-compress/1.25.0/commons-compress-1.25.0.jar:/home/kali/.m2/repository/com/github/virtuald/curvesapi/1.08/curvesapi-1.08.jar:/home/kali/.m2/repository/com/aventstack/extentreports/5.1.1/extentreports-5.1.1.jar:/home/kali/.m2/repository/io/reactivex/rxjava3/rxjava/3.1.6/rxjava-3.1.6.jar:/home/kali/.m2/repository/org/reactivestreams/reactive-streams/1.0.4/reactive-streams-1.0.4.jar:/home/kali/.m2/repository/org/freemarker/freemarker/2.3.32/freemarker-2.3.32.jar:/home/kali/.m2/repository/org/projectlombok/lombok/1.18.26/lombok-1.18.26.jar:/home/kali/.m2/repository/org/apache/logging/log4j/log4j-api/2.23.1/log4j-api-2.23.1.jar:/home/kali/.m2/repository/org/apache/logging/log4j/log4j-core/2.23.1/log4j-core-2.23.1.jar:"/>
    <property name="sun.cpu.endian" value="little"/>
    <property name="user.home" value="/home/kali"/>
    <property name="user.language" value="en"/>
    <property name="java.specification.vendor" value="Oracle Corporation"/>
    <property name="java.version.date" value="2024-01-16"/>
    <property name="java.home" value="/usr/lib/jvm/java-17-openjdk-amd64"/>
    <property name="file.separator" value="/"/>
    <property name="basedir" value="/home/kali/API Testing/restAssured/PetStoreAutomation"/>
    <property name="java.vm.compressedOopsMode" value="32-bit"/>
    <property name="line.separator" value="&#10;"/>
    <property name="java.specification.name" value="Java Platform API Specification"/>
    <property name="java.vm.specification.vendor" value="Oracle Corporation"/>
    <property name="surefire.real.class.path" value="/home/kali/API Testing/restAssured/PetStoreAutomation/target/surefire/surefirebooter-20240420192814817_3.jar"/>
    <property name="awt.useSystemAAFontSettings" value="on"/>
    <property name="sun.management.compiler" value="HotSpot 64-Bit Tiered Compilers"/>
    <property name="java.runtime.version" value="17.0.10+7-Debian-1"/>
    <property name="user.name" value="kali"/>
    <property name="path.separator" value=":"/>
    <property name="os.version" value="6.6.9-amd64"/>
    <property name="java.runtime.name" value="OpenJDK Runtime Environment"/>
    <property name="file.encoding" value="UTF-8"/>
    <property name="java.vm.name" value="OpenJDK 64-Bit Server VM"/>
    <property name="localRepository" value="/home/kali/.m2/repository"/>
    <property name="java.vendor.url.bug" value="https://bugs.debian.org/openjdk-17"/>
    <property name="java.io.tmpdir" value="/tmp"/>
    <property name="java.version" value="17.0.10"/>
    <property name="user.dir" value="/home/kali/API Testing/restAssured/PetStoreAutomation"/>
    <property name="os.arch" value="amd64"/>
    <property name="java.vm.specification.name" value="Java Virtual Machine Specification"/>
    <property name="native.encoding" value="UTF-8"/>
    <property name="java.library.path" value="/usr/java/packages/lib:/usr/lib/x86_64-linux-gnu/jni:/lib/x86_64-linux-gnu:/usr/lib/x86_64-linux-gnu:/usr/lib/jni:/lib:/usr/lib"/>
    <property name="java.vm.info" value="mixed mode, sharing"/>
    <property name="java.vendor" value="Debian"/>
    <property name="java.vm.version" value="17.0.10+7-Debian-1"/>
    <property name="sun.io.unicode.encoding" value="UnicodeLittle"/>
    <property name="java.class.version" value="61.0"/>
  </properties>
  <testcase name="testPostUser" classname="api.test.UserTests2" time="9.217">
    <system-out><![CDATA[2024-04-20T13:58:19.975239526Z main ERROR The parameter is null: policy
2024-04-20T13:58:20.021829548Z main ERROR Could not create plugin of type class org.apache.logging.log4j.core.appender.RollingFileAppender for element RollingFile org.apache.logging.log4j.core.config.ConfigurationException: Arguments given for element RollingFile are invalid: field 'policy' has invalid value 'null'
	at org.apache.logging.log4j.core.config.plugins.util.PluginBuilder.injectFields(PluginBuilder.java:208)
	at org.apache.logging.log4j.core.config.plugins.util.PluginBuilder.build(PluginBuilder.java:123)
	at org.apache.logging.log4j.core.config.AbstractConfiguration.createPluginObject(AbstractConfiguration.java:1164)
	at org.apache.logging.log4j.core.config.AbstractConfiguration.createConfiguration(AbstractConfiguration.java:1085)
	at org.apache.logging.log4j.core.config.AbstractConfiguration.createConfiguration(AbstractConfiguration.java:1077)
	at org.apache.logging.log4j.core.config.AbstractConfiguration.doConfigure(AbstractConfiguration.java:681)
	at org.apache.logging.log4j.core.config.AbstractConfiguration.initialize(AbstractConfiguration.java:264)
	at org.apache.logging.log4j.core.config.AbstractConfiguration.start(AbstractConfiguration.java:313)
	at org.apache.logging.log4j.core.LoggerContext.setConfiguration(LoggerContext.java:631)
	at org.apache.logging.log4j.core.LoggerContext.reconfigure(LoggerContext.java:713)
	at org.apache.logging.log4j.core.LoggerContext.reconfigure(LoggerContext.java:735)
	at org.apache.logging.log4j.core.LoggerContext.start(LoggerContext.java:260)
	at org.apache.logging.log4j.core.impl.Log4jContextFactory.getContext(Log4jContextFactory.java:154)
	at org.apache.logging.log4j.core.impl.Log4jContextFactory.getContext(Log4jContextFactory.java:46)
	at org.apache.logging.log4j.LogManager.getContext(LogManager.java:197)
	at org.apache.logging.log4j.LogManager.getLogger(LogManager.java:611)
	at api.test.UserTests2.setup(UserTests2.java:40)
	at java.base/jdk.internal.reflect.NativeMethodAccessorImpl.invoke0(Native Method)
	at java.base/jdk.internal.reflect.NativeMethodAccessorImpl.invoke(NativeMethodAccessorImpl.java:77)
	at java.base/jdk.internal.reflect.DelegatingMethodAccessorImpl.invoke(DelegatingMethodAccessorImpl.java:43)
	at java.base/java.lang.reflect.Method.invoke(Method.java:568)
	at org.testng.internal.invokers.MethodInvocationHelper.invokeMethod(MethodInvocationHelper.java:139)
	at org.testng.internal.invokers.MethodInvocationHelper.invokeMethodConsideringTimeout(MethodInvocationHelper.java:69)
	at org.testng.internal.invokers.ConfigInvoker.invokeConfigurationMethod(ConfigInvoker.java:393)
	at org.testng.internal.invokers.ConfigInvoker.invokeConfigurations(ConfigInvoker.java:326)
	at org.testng.internal.invokers.TestMethodWorker.invokeBeforeClassMethods(TestMethodWorker.java:180)
	at org.testng.internal.invokers.TestMethodWorker.run(TestMethodWorker.java:122)
	at java.base/java.util.ArrayList.forEach(ArrayList.java:1511)
	at org.testng.TestRunner.privateRun(TestRunner.java:819)
	at org.testng.TestRunner.run(TestRunner.java:619)
	at org.testng.SuiteRunner.runTest(SuiteRunner.java:443)
	at org.testng.SuiteRunner.runSequentially(SuiteRunner.java:437)
	at org.testng.SuiteRunner.privateRun(SuiteRunner.java:397)
	at org.testng.SuiteRunner.run(SuiteRunner.java:336)
	at org.testng.SuiteRunnerWorker.runSuite(SuiteRunnerWorker.java:52)
	at org.testng.SuiteRunnerWorker.run(SuiteRunnerWorker.java:95)
	at org.testng.TestNG.runSuitesSequentially(TestNG.java:1301)
	at org.testng.TestNG.runSuitesLocally(TestNG.java:1228)
	at org.testng.TestNG.runSuites(TestNG.java:1134)
	at org.testng.TestNG.run(TestNG.java:1101)
	at org.apache.maven.surefire.testng.TestNGExecutor.run(TestNGExecutor.java:308)
	at org.apache.maven.surefire.testng.TestNGXmlTestSuite.execute(TestNGXmlTestSuite.java:71)
	at org.apache.maven.surefire.testng.TestNGProvider.invoke(TestNGProvider.java:113)
	at org.apache.maven.surefire.booter.ForkedBooter.runSuitesInProcess(ForkedBooter.java:385)
	at org.apache.maven.surefire.booter.ForkedBooter.execute(ForkedBooter.java:162)
	at org.apache.maven.surefire.booter.ForkedBooter.run(ForkedBooter.java:507)
	at org.apache.maven.surefire.booter.ForkedBooter.main(ForkedBooter.java:495)

2024-04-20T13:58:20.056355474Z main ERROR Null object returned for RollingFile in Appenders.
2024-04-20T13:58:20.056751185Z main ERROR appenders Appenders has no parameter that matches element PatternLayout
2024-04-20T13:58:20.057022861Z main ERROR appenders Appenders has no parameter that matches element SizeBasedTriggeringPolicy
2024-04-20T13:58:20.091580593Z main ERROR Unable to locate appender "File" for logger config "root"
HTTP/1.1 200 OK
Date: Sat, 20 Apr 2024 13:58:29 GMT
Content-Type: application/json
Transfer-Encoding: chunked
Connection: keep-alive
Access-Control-Allow-Origin: *
Access-Control-Allow-Methods: GET, POST, DELETE, PUT
Access-Control-Allow-Headers: Content-Type, api_key, Authorization
Server: Jetty(9.2.9.v20150224)

{
    "code": 200,
    "type": "unknown",
    "message": "1199262943"
}
]]></system-out>
    <system-err><![CDATA[SLF4J(W): No SLF4J providers were found.
SLF4J(W): Defaulting to no-operation (NOP) logger implementation
SLF4J(W): See https://www.slf4j.org/codes.html#noProviders for further details.
]]></system-err>
  </testcase>
  <testcase name="testGetUser" classname="api.test.UserTests2" time="1.505">
    <system-out><![CDATA[HTTP/1.1 200 OK
Date: Sat, 20 Apr 2024 13:58:31 GMT
Content-Type: application/json
Transfer-Encoding: chunked
Connection: keep-alive
Access-Control-Allow-Origin: *
Access-Control-Allow-Methods: GET, POST, DELETE, PUT
Access-Control-Allow-Headers: Content-Type, api_key, Authorization
Server: Jetty(9.2.9.v20150224)

{
    "id": 1199262943,
    "username": "alaine.corkery",
    "firstName": "Zenia",
    "lastName": "Schuster",
    "email": "everette.heller@example.com",
    "password": "jrifzp",
    "phone": "(268) 225-5983",
    "userStatus": 0
}
]]></system-out>
  </testcase>
  <testcase name="testUpdateUserByName" classname="api.test.UserTests2" time="2.767">
    <system-out><![CDATA[{
    "code": 200,
    "type": "unknown",
    "message": "1199262943"
}
]]></system-out>
  </testcase>
  <testcase name="testDeleteUserByName" classname="api.test.UserTests2" time="1.194"/>
</testsuite>