<?xml version="1.0" encoding="UTF-8"?>
<!-- Generated by org.testng.reporters.JUnitReportReporter -->
<testsuite hostname="kali" failures="0" tests="4" name="api.test.UserTests" time="24.183" errors="0" timestamp="2024-04-19T23:15:30 IST" skipped="0">
  <testcase classname="api.test.UserTests" name="testPostUser" time="11.610"/>
  <testcase classname="api.test.UserTests" name="testGetUser" time="1.858"/>
  <testcase classname="api.test.UserTests" name="testUpdateUserByName" time="8.533"/>
  <testcase classname="api.test.UserTests" name="testDeleteUserByName" time="2.182"/>
</testsuite> <!-- api.test.UserTests -->
