<?xml version="1.0" encoding="UTF-8"?>
<!-- Generated by org.testng.reporters.JUnitReportReporter -->
<testsuite hostname="kali" failures="0" tests="4" name="api.test.UserTests2" time="14.690" errors="0" timestamp="2024-04-20T19:28:35 IST" skipped="0">
  <testcase classname="api.test.UserTests2" name="testPostUser" time="9.219"/>
  <testcase classname="api.test.UserTests2" name="testGetUser" time="1.506"/>
  <testcase classname="api.test.UserTests2" name="testUpdateUserByName" time="2.775"/>
  <testcase classname="api.test.UserTests2" name="testDeleteUserByName" time="1.190"/>
</testsuite> <!-- api.test.UserTests2 -->
